<?xml version="1.0" encoding="UTF-8"?>
<testsuite name="com.bridgelabz.testmaximum.MaxOfThreeTest" tests="3" skipped="0" failures="0" errors="0" timestamp="2020-04-04T10:48:53" hostname="balaji-Inspiron-5559" time="0.003">
  <properties/>
  <testcase name="givenThreeIntegers_whenMaxAtFirst_shouldReturnTheSame" classname="com.bridgelabz.testmaximum.MaxOfThreeTest" time="0.002"/>
  <testcase name="givenThreeIntegers_whenMaxAtSecond_shouldReturnTheSame" classname="com.bridgelabz.testmaximum.MaxOfThreeTest" time="0.0"/>
  <testcase name="givenThreeIntegers_whenMaxAtThird_shouldReturnTheSame" classname="com.bridgelabz.testmaximum.MaxOfThreeTest" time="0.0"/>
  <system-out><![CDATA[]]></system-out>
  <system-err><![CDATA[]]></system-err>
</testsuite>
